
> vertex.app@0.1.0 build
> next build

Γû▓ Next.js 16.1.6 (Turbopack)
- Environments: .env

  Creating an optimized production build ...
Γ£ô Compiled successfully in 7.7s
  Running TypeScript ...
node.exe : Failed to compile.
At line:1 char:1
+ & "C:\Program Files\nodejs/node.exe" 
"C:\Program Files\nodejs/node_mo ...
+ ~~~~~~~~~~~~~~~~~~~~~~~~~~~~~~~~~~~~~
~~~~~~~~~~~~~~~~~~~~~~~~~~~~~~~~
    + CategoryInfo          : NotSpeci 
   fied: (Failed to compile.:String)   
  [], RemoteException
    + FullyQualifiedErrorId : NativeCo 
   mmandError
 

./prisma.config.ts:8:5
Type error: Object literal may only 
specify known properties, and 
'directUrl' does not exist in type '{ 
url?: string | undefined; 
shadowDatabaseUrl?: string | 
undefined; }'.

[0m [90m  6 |[39m   
datasource[33m:[39m {
 [90m  7 |[39m     url[33m:[39m pro
cess[33m.[39menv[[32m"DIRECT_URL"[3
9m][33m,[39m
[31m[1m>[22m[39m[90m  8 |[39m    
 directUrl[33m:[39m process[33m.[39
menv[[32m"DIRECT_URL"[39m][33m,[39m
 [90m    |[39m     
[31m[1m^[22m[39m
 [90m  9 |[39m   }[33m,[39m
 [90m 10 |[39m })[33m;[39m
 [90m 11 |[39m[0m
Next.js build worker exited with code: 
1 and signal: null
