
> vertex.app@0.1.0 build
> next build

Γû▓ Next.js 16.1.6 (Turbopack)
- Environments: .env

  Creating an optimized production build ...
Γ£ô Compiled successfully in 7.7s
  Running TypeScript ...
node.exe : Failed to compile.
At line:1 char:1
+ & "C:\Program Files\nodejs/node.exe" 
"C:\Program Files\nodejs/node_mo ...
+ ~~~~~~~~~~~~~~~~~~~~~~~~~~~~~~~~~~~~~
~~~~~~~~~~~~~~~~~~~~~~~~~~~~~~~~
    + CategoryInfo          : NotSpeci 
   fied: (Failed to compile.:String)   
  [], RemoteException
    + FullyQualifiedErrorId : NativeCo 
   mmandError
 

./components/portfolio/csv-uploader.tsx
:88:68
Type error: Type '{ children: Element; 
variant: "secondary"; className: 
string; asChild: true; }' is not 
assignable to type 
'IntrinsicAttributes & ButtonProps & 
VariantProps<(props?: 
(ConfigVariants<{ variant: { default: 
string; outline: string; secondary: 
string; ghost: string; destructive: 
string; link: string; }; size: { ...; 
}; }> & ClassProp) | undefined) => 
string>'.
  Property 'asChild' does not exist on 
type 'IntrinsicAttributes & 
ButtonProps & VariantProps<(props?: 
(ConfigVariants<{ variant: { default: 
string; outline: string; secondary: 
string; ghost: string; destructive: 
string; link: string; }; size: { ...; 
}; }> & ClassProp) | undefined) => 
string>'.

[0m [90m 86 |[39m           
[33m<[39m[33mp[39m className[33m=
[39m[32m"text-zinc-500 text-sm mb-6"[
39m[33m>[39m[33mSupports[39m 
[33mZerodha[39m[33m,[39m 
[33mGroww[39m[33m,[39m 
[33mAngel[39m 
[33mOne[39m[33m,[39m and standard f
ormats[33m.[39m[33m<[39m[33m/[39m
[33mp[39m[33m>[39m
 [90m 87 |[39m           
[33m<[39m[33mlabel[39m htmlFor[33m
=[39m[32m"csv-upload"[39m[33m>[39m
[31m[1m>[22m[39m[90m 88 |[39m    
         [33m<[39m[33mButton[39m va
riant[33m=[39m[32m"secondary"[39m c
lassName[33m=[39m[32m"cursor-pointer
"[39m asChild[33m>[39m
 [90m    |[39m                       
                                       
      [31m[1m^[22m[39m
 [90m 89 |[39m               [33m<[
39m[33mspan[39m[33m>[39m[33mBrowse
[39m [33mFiles[39m[33m<[39m[33m/
[39m[33mspan[39m[33m>[39m
 [90m 90 |[39m             [33m<[39
m[33m/[39m[33mButton[39m[33m>[39m
 [90m 91 |[39m             
[33m<[39m[33minput[39m[0m
Next.js build worker exited with code: 
1 and signal: null
