node.exe : Loaded Prisma config from 
prisma.config.ts.
At line:1 char:1
+ & "C:\Program Files\nodejs/node.exe" 
"C:\Program Files\nodejs/node_mo ...
+ ~~~~~~~~~~~~~~~~~~~~~~~~~~~~~~~~~~~~~
~~~~~~~~~~~~~~~~~~~~~~~~~~~~~~~~
    + CategoryInfo          : NotSpeci 
   fied: (Loaded Prisma c...isma.conf  
  ig.ts.:String) [], RemoteException
    + FullyQualifiedErrorId : NativeCo 
   mmandError
 

Prisma schema loaded from 
prisma\schema.prisma.
Datasource "db": PostgreSQL database "postgres", schema "public" at "aws-0-ap-northeast-1.pooler.supabase.com:6543"

Error: P1001: Can't reach database 
server at `aws-0-ap-northeast-1.pooler.
supabase.com:6543`

Please make sure your database server 
is running at `aws-0-ap-northeast-1.poo
ler.supabase.com:6543`.
