node.exe : Loaded Prisma config from 
prisma.config.ts.
At line:1 char:1
+ & "C:\Program Files\nodejs/node.exe" 
"C:\Program Files\nodejs/node_mo ...
+ ~~~~~~~~~~~~~~~~~~~~~~~~~~~~~~~~~~~~~
~~~~~~~~~~~~~~~~~~~~~~~~~~~~~~~~
    + CategoryInfo          : NotSpeci 
   fied: (Loaded Prisma c...isma.conf  
  ig.ts.:String) [], RemoteException
    + FullyQualifiedErrorId : NativeCo 
   mmandError
 

Prisma schema loaded from 
prisma\schema.prisma.
Datasource "db": PostgreSQL database "postgres", schema "public" at "db.zvwwprleimjwxzfxussx.supabase.co:5432"

Error: P1000: Authentication failed 
against database server, the provided 
database credentials for 
`postgres.zvwwprleimjwxzfxussx` are 
not valid.

Please make sure to provide valid 
database credentials for the database 
server at the configured address.
