app/api/chat/route.ts(244,11): error TS2769: No overload matches this call.
  The last overload gave the following error.
    Type '({ symbol }: { symbol: any; }) => Promise<{ symbol: any; price: any; change: any; peRatio: any; marketCap: any; error?: undefined; } | { error: string; symbol?: undefined; price?: undefined; change?: undefined; peRatio?: undefined; marketCap?: undefined; }>' is not assignable to type 'undefined'.
app/api/chat/route.ts(244,29): error TS7031: Binding element 'symbol' implicitly has an 'any' type.
app/api/chat/route.ts(248,31): error TS2339: Property 'symbol' does not exist on type 'never'.
app/api/chat/route.ts(249,30): error TS2339: Property 'regularMarketPrice' does not exist on type 'never'.
app/api/chat/route.ts(250,31): error TS2339: Property 'regularMarketChangePercent' does not exist on type 'never'.
app/api/chat/route.ts(251,32): error TS2339: Property 'trailingPE' does not exist on type 'never'.
app/api/chat/route.ts(252,34): error TS2339: Property 'marketCap' does not exist on type 'never'.
app/api/chat/route.ts(266,11): error TS2769: No overload matches this call.
  The last overload gave the following error.
    Type '({ beginningValue, endingValue, years }: { beginningValue: any; endingValue: any; years: any; }) => Promise<{ error: string; cagrPercentage?: undefined; } | { cagrPercentage: number; error?: undefined; }>' is not assignable to type 'undefined'.
app/api/chat/route.ts(266,29): error TS7031: Binding element 'beginningValue' implicitly has an 'any' type.
app/api/chat/route.ts(266,45): error TS7031: Binding element 'endingValue' implicitly has an 'any' type.
app/api/chat/route.ts(266,58): error TS7031: Binding element 'years' implicitly has an 'any' type.
app/api/chat/route.ts(280,11): error TS2769: No overload matches this call.
  The last overload gave the following error.
    Type '(args: any) => Promise<{ projectedValue: number; totalInvested: number; estimatedReturns: number; error: string; } | { projectedValue: number; totalInvested: number; estimatedReturns: number; error?: undefined; }>' is not assignable to type 'undefined'.
app/api/portfolio/intelligence/route.ts(42,20): error TS7006: Parameter 'h' implicitly has an 'any' type.
app/api/portfolio/route.ts(24,53): error TS7006: Parameter 'h' implicitly has an 'any' type.
app/api/portfolio/route.ts(27,41): error TS2345: Argument of type 'unknown[]' is not assignable to parameter of type 'string | string[]'.
  Type 'unknown[]' is not assignable to type 'string[]'.
    Type 'unknown' is not assignable to type 'string'.
components/market/MarketStatusBar.tsx(39,109): error TS7053: Element implicitly has an 'any' type because expression of type 'any' can't be used to index type '{ OPEN: string; CLOSED: string; PRE_OPEN: string; }'.
components/market/MarketStatusBar.tsx(40,79): error TS7053: Element implicitly has an 'any' type because expression of type 'any' can't be used to index type '{ OPEN: string; CLOSED: string; PRE_OPEN: string; }'.
lib/db.ts(1,10): error TS2305: Module '"@prisma/client"' has no exported member 'PrismaClient'.
lib/prisma.ts(1,10): error TS2305: Module '"@prisma/client"' has no exported member 'PrismaClient'.
prisma/seed.ts(3,10): error TS2305: Module '"@prisma/client"' has no exported member 'PrismaClient'.
test-connections.ts(1,10): error TS2305: Module '"@prisma/client"' has no exported member 'PrismaClient'.
test-connections.ts(10,37): error TS2339: Property 'symbol' does not exist on type 'never'.
